[04-Dec-2017 07:19:27] PHP Warning:  Invalid argument supplied for foreach() in /var/www/fasovani/sendMail.php on line 43
[04-Dec-2017 07:19:27] PHP Warning:  Invalid argument supplied for foreach() in /var/www/fasovani/sendMail.php on line 51
[04-Dec-2017 14:10:43] PHP Warning:  Invalid argument supplied for foreach() in /var/www/fasovani/sendMail.php on line 43
[04-Dec-2017 14:10:43] PHP Warning:  Invalid argument supplied for foreach() in /var/www/fasovani/sendMail.php on line 51
[03-Jan-2018 08:55:56] PHP Warning:  Invalid argument supplied for foreach() in /var/www/fasovani/sendMail.php on line 43
[03-Jan-2018 08:55:56] PHP Warning:  Invalid argument supplied for foreach() in /var/www/fasovani/sendMail.php on line 51
[01-Feb-2018 06:10:07] PHP Warning:  Invalid argument supplied for foreach() in /var/www/fasovani/sendMail.php on line 43
[01-Feb-2018 06:10:07] PHP Warning:  Invalid argument supplied for foreach() in /var/www/fasovani/sendMail.php on line 51
[12-Feb-2018 07:53:06] PHP Warning:  Invalid argument supplied for foreach() in /var/www/fasovani/sendMail.php on line 43
[12-Feb-2018 07:53:06] PHP Warning:  Invalid argument supplied for foreach() in /var/www/fasovani/sendMail.php on line 51
[27-Feb-2018 08:17:23] PHP Warning:  Invalid argument supplied for foreach() in /var/www/fasovani/sendMail.php on line 43
[27-Feb-2018 08:17:23] PHP Warning:  Invalid argument supplied for foreach() in /var/www/fasovani/sendMail.php on line 51
[08-Mar-2018 14:06:26] PHP Warning:  Invalid argument supplied for foreach() in /var/www/fasovani/sendMail.php on line 43
[08-Mar-2018 14:06:26] PHP Warning:  Invalid argument supplied for foreach() in /var/www/fasovani/sendMail.php on line 51
[16-Mar-2018 07:52:16] PHP Warning:  Invalid argument supplied for foreach() in /var/www/fasovani/sendMail.php on line 43
[16-Mar-2018 07:52:17] PHP Warning:  Invalid argument supplied for foreach() in /var/www/fasovani/sendMail.php on line 51
[06-Apr-2018 14:13:38] PHP Warning:  Invalid argument supplied for foreach() in /var/www/fasovani/sendMail.php on line 43
[06-Apr-2018 14:13:38] PHP Warning:  Invalid argument supplied for foreach() in /var/www/fasovani/sendMail.php on line 51
[28-Jul-2018 08:58:30] PHP Warning:  Invalid argument supplied for foreach() in /var/www/fasovani/sendMail.php on line 43
[28-Jul-2018 08:58:30] PHP Warning:  Invalid argument supplied for foreach() in /var/www/fasovani/sendMail.php on line 51
[30-Aug-2018 08:09:20] PHP Warning:  Invalid argument supplied for foreach() in /var/www/fasovani/sendMail.php on line 43
[30-Aug-2018 08:09:20] PHP Warning:  Invalid argument supplied for foreach() in /var/www/fasovani/sendMail.php on line 51
[29-Oct-2018 06:50:46] PHP Warning:  Invalid argument supplied for foreach() in /var/www/fasovani/sendMail.php on line 43
[29-Oct-2018 06:50:46] PHP Warning:  Invalid argument supplied for foreach() in /var/www/fasovani/sendMail.php on line 51
[01-Nov-2018 12:10:42] PHP Warning:  Invalid argument supplied for foreach() in /var/www/fasovani/sendMail.php on line 43
[01-Nov-2018 12:10:42] PHP Warning:  Invalid argument supplied for foreach() in /var/www/fasovani/sendMail.php on line 51
