[21-Jul-2016 11:52:28] PHP Warning:  array_push() expects parameter 1 to be array, null given in /var/www/workspace/apl/drueck_new/abgnr_validate.php on line 164
[21-Jul-2016 11:52:28] PHP Warning:  array_push() expects parameter 1 to be array, null given in /var/www/workspace/apl/drueck_new/abgnr_validate.php on line 164
[21-Jul-2016 11:52:28] PHP Warning:  array_push() expects parameter 1 to be array, null given in /var/www/workspace/apl/drueck_new/abgnr_validate.php on line 164
[22-Jul-2016 07:57:41] PHP Fatal error:  Cannot use [] for reading in /var/www/workspace/apl/drueck_new/abgnr_validate.php on line 10
[22-Jul-2016 07:58:10] PHP Fatal error:  Cannot use [] for reading in /var/www/workspace/apl/drueck_new/abgnr_validate.php on line 10
[22-Jul-2016 08:01:41] PHP Fatal error:  Cannot use [] for reading in /var/www/workspace/apl/drueck_new/abgnr_validate.php on line 9
[22-Jul-2016 08:01:44] PHP Fatal error:  Cannot use [] for reading in /var/www/workspace/apl/drueck_new/abgnr_validate.php on line 9
[22-Jul-2016 08:03:59] PHP Fatal error:  Cannot use [] for reading in /var/www/workspace/apl/drueck_new/abgnr_validate.php on line 9
[22-Jul-2016 08:05:01] PHP Fatal error:  Cannot use [] for reading in /var/www/workspace/apl/drueck_new/abgnr_validate.php on line 9
[22-Jul-2016 08:05:01] PHP Fatal error:  Cannot use [] for reading in /var/www/workspace/apl/drueck_new/abgnr_validate.php on line 9
[22-Jul-2016 08:05:02] PHP Fatal error:  Cannot use [] for reading in /var/www/workspace/apl/drueck_new/abgnr_validate.php on line 9
[22-Jul-2016 08:05:03] PHP Fatal error:  Cannot use [] for reading in /var/www/workspace/apl/drueck_new/abgnr_validate.php on line 9
[22-Jul-2016 08:05:03] PHP Fatal error:  Cannot use [] for reading in /var/www/workspace/apl/drueck_new/abgnr_validate.php on line 9
[22-Jul-2016 08:05:05] PHP Fatal error:  Cannot use [] for reading in /var/www/workspace/apl/drueck_new/abgnr_validate.php on line 9
[22-Jul-2016 08:05:41] PHP Fatal error:  Cannot use [] for reading in /var/www/workspace/apl/drueck_new/abgnr_validate.php on line 9
[22-Jul-2016 08:08:30] PHP Fatal error:  Cannot use [] for reading in /var/www/workspace/apl/drueck_new/abgnr_validate.php on line 9
[22-Jul-2016 08:08:33] PHP Fatal error:  Cannot use [] for reading in /var/www/workspace/apl/drueck_new/abgnr_validate.php on line 9
[22-Jul-2016 08:09:16] PHP Fatal error:  Cannot use [] for reading in /var/www/workspace/apl/drueck_new/abgnr_validate.php on line 9
[22-Jul-2016 08:09:18] PHP Fatal error:  Cannot use [] for reading in /var/www/workspace/apl/drueck_new/abgnr_validate.php on line 9
[22-Jul-2016 08:09:45] PHP Fatal error:  Cannot use [] for reading in /var/www/workspace/apl/drueck_new/abgnr_validate.php on line 9
[22-Jul-2016 08:13:46] PHP Fatal error:  Cannot use [] for reading in /var/www/workspace/apl/drueck_new/abgnr_validate.php on line 182
[22-Jul-2016 08:25:40] PHP Fatal error:  Cannot use [] for reading in /var/www/workspace/apl/drueck_new/abgnr_validate.php on line 9
[22-Jul-2016 08:43:43] PHP Parse error:  syntax error, unexpected '[' in /var/www/workspace/apl/drueck_new/abgnr_validate.php on line 10
[22-Jul-2016 09:09:25] PHP Parse error:  syntax error, unexpected '[' in /var/www/workspace/apl/drueck_new/abgnr_validate.php on line 9
[22-Jul-2016 09:27:01] PHP Catchable fatal error:  Object of class stdClass could not be converted to string in /var/www/workspace/apl/drueck_new/abgnr_validate.php on line 110
[22-Jul-2016 10:40:24] PHP Fatal error:  Cannot use object of type stdClass as array in /var/www/workspace/apl/drueck_new/abgnr_validate.php on line 15
[22-Jul-2016 10:40:56] PHP Fatal error:  Cannot use object of type stdClass as array in /var/www/workspace/apl/drueck_new/abgnr_validate.php on line 15
[22-Jul-2016 10:41:58] PHP Fatal error:  Cannot use object of type stdClass as array in /var/www/workspace/apl/drueck_new/abgnr_validate.php on line 10
[22-Jul-2016 11:41:30] PHP Fatal error:  Cannot use object of type stdClass as array in /var/www/workspace/apl/drueck_new/abgnr_validate.php on line 10
[22-Jul-2016 11:41:41] PHP Fatal error:  Cannot use object of type stdClass as array in /var/www/workspace/apl/drueck_new/abgnr_validate.php on line 10
[22-Jul-2016 11:41:44] PHP Fatal error:  Cannot use object of type stdClass as array in /var/www/workspace/apl/drueck_new/abgnr_validate.php on line 10
[22-Jul-2016 11:41:44] PHP Fatal error:  Cannot use object of type stdClass as array in /var/www/workspace/apl/drueck_new/abgnr_validate.php on line 10
[22-Jul-2016 11:41:44] PHP Fatal error:  Cannot use object of type stdClass as array in /var/www/workspace/apl/drueck_new/abgnr_validate.php on line 10
[22-Jul-2016 11:41:56] PHP Fatal error:  Cannot use object of type stdClass as array in /var/www/workspace/apl/drueck_new/abgnr_validate.php on line 10
[22-Jul-2016 11:44:14] PHP Fatal error:  Cannot use object of type stdClass as array in /var/www/workspace/apl/drueck_new/abgnr_validate.php on line 10
[22-Jul-2016 11:45:20] PHP Fatal error:  Cannot use object of type stdClass as array in /var/www/workspace/apl/drueck_new/abgnr_validate.php on line 10
[22-Jul-2016 11:45:58] PHP Fatal error:  Cannot use object of type stdClass as array in /var/www/workspace/apl/drueck_new/abgnr_validate.php on line 10
[22-Jul-2016 11:46:07] PHP Fatal error:  Cannot use object of type stdClass as array in /var/www/workspace/apl/drueck_new/abgnr_validate.php on line 10
[22-Jul-2016 11:46:08] PHP Fatal error:  Cannot use object of type stdClass as array in /var/www/workspace/apl/drueck_new/abgnr_validate.php on line 10
[22-Jul-2016 11:46:09] PHP Fatal error:  Cannot use object of type stdClass as array in /var/www/workspace/apl/drueck_new/abgnr_validate.php on line 10
[22-Jul-2016 11:46:10] PHP Fatal error:  Cannot use object of type stdClass as array in /var/www/workspace/apl/drueck_new/abgnr_validate.php on line 10
[22-Jul-2016 11:46:46] PHP Fatal error:  Cannot use object of type stdClass as array in /var/www/workspace/apl/drueck_new/abgnr_validate.php on line 10
[22-Jul-2016 11:49:56] PHP Fatal error:  Cannot use object of type stdClass as array in /var/www/workspace/apl/drueck_new/abgnr_validate.php on line 10
[22-Jul-2016 11:49:58] PHP Fatal error:  Cannot use object of type stdClass as array in /var/www/workspace/apl/drueck_new/abgnr_validate.php on line 10
[22-Jul-2016 12:07:15] PHP Fatal error:  Cannot use object of type stdClass as array in /var/www/workspace/apl/drueck_new/abgnr_validate.php on line 10
[22-Jul-2016 12:29:53] PHP Fatal error:  Cannot use object of type stdClass as array in /var/www/workspace/apl/drueck_new/abgnr_validate.php on line 10
[22-Jul-2016 12:29:57] PHP Fatal error:  Cannot use object of type stdClass as array in /var/www/workspace/apl/drueck_new/abgnr_validate.php on line 10
[22-Jul-2016 12:29:59] PHP Fatal error:  Cannot use object of type stdClass as array in /var/www/workspace/apl/drueck_new/abgnr_validate.php on line 10
[22-Jul-2016 12:30:00] PHP Fatal error:  Cannot use object of type stdClass as array in /var/www/workspace/apl/drueck_new/abgnr_validate.php on line 10
[22-Jul-2016 12:30:01] PHP Fatal error:  Cannot use object of type stdClass as array in /var/www/workspace/apl/drueck_new/abgnr_validate.php on line 10
[22-Jul-2016 12:30:02] PHP Fatal error:  Cannot use object of type stdClass as array in /var/www/workspace/apl/drueck_new/abgnr_validate.php on line 10
[22-Jul-2016 12:32:29] PHP Fatal error:  Cannot use object of type stdClass as array in /var/www/workspace/apl/drueck_new/abgnr_validate.php on line 10
[22-Jul-2016 12:34:02] PHP Fatal error:  Cannot use object of type stdClass as array in /var/www/workspace/apl/drueck_new/abgnr_validate.php on line 10
[22-Jul-2016 12:34:07] PHP Fatal error:  Cannot use object of type stdClass as array in /var/www/workspace/apl/drueck_new/abgnr_validate.php on line 10
[22-Jul-2016 12:34:12] PHP Fatal error:  Cannot use object of type stdClass as array in /var/www/workspace/apl/drueck_new/abgnr_validate.php on line 10
[22-Jul-2016 12:34:13] PHP Fatal error:  Cannot use object of type stdClass as array in /var/www/workspace/apl/drueck_new/abgnr_validate.php on line 10
[22-Jul-2016 12:34:14] PHP Fatal error:  Cannot use object of type stdClass as array in /var/www/workspace/apl/drueck_new/abgnr_validate.php on line 10
[22-Jul-2016 12:34:15] PHP Fatal error:  Cannot use object of type stdClass as array in /var/www/workspace/apl/drueck_new/abgnr_validate.php on line 10
[22-Jul-2016 12:34:16] PHP Fatal error:  Cannot use object of type stdClass as array in /var/www/workspace/apl/drueck_new/abgnr_validate.php on line 10
[22-Jul-2016 12:34:17] PHP Fatal error:  Cannot use object of type stdClass as array in /var/www/workspace/apl/drueck_new/abgnr_validate.php on line 10
[22-Jul-2016 12:34:58] PHP Fatal error:  Cannot use object of type stdClass as array in /var/www/workspace/apl/drueck_new/abgnr_validate.php on line 10
[22-Jul-2016 12:35:00] PHP Fatal error:  Cannot use object of type stdClass as array in /var/www/workspace/apl/drueck_new/abgnr_validate.php on line 10
[22-Jul-2016 12:35:02] PHP Fatal error:  Cannot use object of type stdClass as array in /var/www/workspace/apl/drueck_new/abgnr_validate.php on line 10
[22-Jul-2016 12:35:03] PHP Fatal error:  Cannot use object of type stdClass as array in /var/www/workspace/apl/drueck_new/abgnr_validate.php on line 10
[22-Jul-2016 12:35:05] PHP Fatal error:  Cannot use object of type stdClass as array in /var/www/workspace/apl/drueck_new/abgnr_validate.php on line 10
[22-Jul-2016 12:35:49] PHP Fatal error:  Cannot use object of type stdClass as array in /var/www/workspace/apl/drueck_new/abgnr_validate.php on line 10
[22-Jul-2016 12:35:51] PHP Fatal error:  Cannot use object of type stdClass as array in /var/www/workspace/apl/drueck_new/abgnr_validate.php on line 10
[22-Jul-2016 12:38:50] PHP Fatal error:  Cannot use [] for reading in /var/www/workspace/apl/drueck_new/abgnr_validate.php on line 34
[22-Jul-2016 13:24:46] PHP Fatal error:  Cannot use object of type stdClass as array in /var/www/workspace/apl/drueck_new/abgnr_validate.php on line 15
[22-Jul-2016 13:24:47] PHP Fatal error:  Cannot use object of type stdClass as array in /var/www/workspace/apl/drueck_new/abgnr_validate.php on line 15
[22-Jul-2016 13:24:48] PHP Fatal error:  Cannot use object of type stdClass as array in /var/www/workspace/apl/drueck_new/abgnr_validate.php on line 15
[22-Jul-2016 13:25:20] PHP Fatal error:  Cannot use object of type stdClass as array in /var/www/workspace/apl/drueck_new/abgnr_validate.php on line 15
[22-Jul-2016 13:25:21] PHP Fatal error:  Cannot use object of type stdClass as array in /var/www/workspace/apl/drueck_new/abgnr_validate.php on line 15
[22-Jul-2016 13:25:23] PHP Fatal error:  Cannot use object of type stdClass as array in /var/www/workspace/apl/drueck_new/abgnr_validate.php on line 15
[22-Jul-2016 13:25:24] PHP Fatal error:  Cannot use object of type stdClass as array in /var/www/workspace/apl/drueck_new/abgnr_validate.php on line 15
[22-Jul-2016 13:25:25] PHP Fatal error:  Cannot use object of type stdClass as array in /var/www/workspace/apl/drueck_new/abgnr_validate.php on line 15
[22-Jul-2016 13:26:33] PHP Fatal error:  Cannot use object of type stdClass as array in /var/www/workspace/apl/drueck_new/abgnr_validate.php on line 15
[22-Jul-2016 13:34:25] PHP Fatal error:  Cannot use object of type stdClass as array in /var/www/workspace/apl/drueck_new/abgnr_validate.php on line 15
[28-Jul-2016 08:52:01] PHP Warning:  array_push() expects parameter 1 to be array, null given in /var/www/workspace/apl/drueck_new/abgnr_validate.php on line 159
[28-Jul-2016 08:52:01] PHP Warning:  array_push() expects parameter 1 to be array, null given in /var/www/workspace/apl/drueck_new/abgnr_validate.php on line 159
[28-Jul-2016 08:52:01] PHP Warning:  array_push() expects parameter 1 to be array, null given in /var/www/workspace/apl/drueck_new/abgnr_validate.php on line 159
[18-Aug-2016 11:08:27] PHP Warning:  array_push() expects parameter 1 to be array, null given in /var/www/workspace/apl/drueck_new/abgnr_validate.php on line 159
[18-Aug-2016 11:08:27] PHP Warning:  array_push() expects parameter 1 to be array, null given in /var/www/workspace/apl/drueck_new/abgnr_validate.php on line 159
[18-Aug-2016 11:08:27] PHP Warning:  array_push() expects parameter 1 to be array, null given in /var/www/workspace/apl/drueck_new/abgnr_validate.php on line 159
